# Logfile created on 2014-06-27 08:05:25 -0500 by logger.rb/44203
I, [2014-06-27T08:05:25.359447 #19447]  INFO -- : 0:  tesseract (0.1.0) from /opt/boxen/rbenv/versions/2.1.0/lib/ruby/gems/2.1.0/specifications/tesseract-0.1.0.gemspec
I, [2014-06-27T08:05:25.359800 #19447]  INFO -- : 0:  bundler (1.5.1) from /opt/boxen/rbenv/versions/2.1.0/lib/ruby/gems/2.1.0/specifications/bundler-1.5.1.gemspec
I, [2014-06-27T08:10:24.104468 #19639]  INFO -- : 0:  tesseract (0.1.0) from /opt/boxen/rbenv/versions/2.1.0/lib/ruby/gems/2.1.0/specifications/tesseract-0.1.0.gemspec
I, [2014-06-27T08:10:24.104846 #19639]  INFO -- : 0:  bundler (1.5.1) from /opt/boxen/rbenv/versions/2.1.0/lib/ruby/gems/2.1.0/specifications/bundler-1.5.1.gemspec
I, [2014-06-27T08:12:32.344994 #19728]  INFO -- : 0:  refining (0.0.5.5) from /opt/boxen/rbenv/versions/2.1.0/lib/ruby/gems/2.1.0/specifications/refining-0.0.5.5.gemspec
I, [2014-06-27T08:12:32.948988 #19728]  INFO -- : 0:  call-me (0.0.2.3) from /opt/boxen/rbenv/versions/2.1.0/lib/ruby/gems/2.1.0/specifications/call-me-0.0.2.3.gemspec
I, [2014-06-27T08:12:32.949416 #19728]  INFO -- : 0:  ffi (1.9.3) from /opt/boxen/rbenv/versions/2.1.0/lib/ruby/gems/2.1.0/specifications/ffi-1.9.3.gemspec
I, [2014-06-27T08:12:33.504233 #19728]  INFO -- : 0:  ffi-extra (0.1.0) from /opt/boxen/rbenv/versions/2.1.0/lib/ruby/gems/2.1.0/specifications/ffi-extra-0.1.0.gemspec
I, [2014-06-27T08:12:34.497045 #19728]  INFO -- : 0:  ffi-inline (0.0.4.3) from /opt/boxen/rbenv/versions/2.1.0/lib/ruby/gems/2.1.0/specifications/ffi-inline-0.0.4.3.gemspec
I, [2014-06-27T08:12:35.420857 #19728]  INFO -- : 0:  iso-639 (0.2.4) from /opt/boxen/rbenv/versions/2.1.0/lib/ruby/gems/2.1.0/specifications/iso-639-0.2.4.gemspec
I, [2014-06-27T08:12:37.075321 #19728]  INFO -- : 0:  tesseract-ocr (0.1.6) from /opt/boxen/rbenv/versions/2.1.0/lib/ruby/gems/2.1.0/specifications/tesseract-ocr-0.1.6.gemspec
I, [2014-06-27T08:12:37.075755 #19728]  INFO -- : 0:  bundler (1.5.1) from /opt/boxen/rbenv/versions/2.1.0/lib/ruby/gems/2.1.0/specifications/bundler-1.5.1.gemspec
I, [2014-06-27T08:15:13.669120 #19852]  INFO -- : 0:  rtesseract (1.2.1) from /opt/boxen/rbenv/versions/2.1.0/lib/ruby/gems/2.1.0/specifications/rtesseract-1.2.1.gemspec
I, [2014-06-27T08:15:13.669517 #19852]  INFO -- : 0:  bundler (1.5.1) from /opt/boxen/rbenv/versions/2.1.0/lib/ruby/gems/2.1.0/specifications/bundler-1.5.1.gemspec
I, [2014-06-27T08:16:05.746907 #19909]  INFO -- : 0:  rmagick (2.13.2) from /opt/boxen/rbenv/versions/2.1.0/lib/ruby/gems/2.1.0/specifications/rmagick-2.13.2.gemspec
I, [2014-06-27T08:16:05.747504 #19909]  INFO -- : 0:  rtesseract (1.2.1) from /opt/boxen/rbenv/versions/2.1.0/lib/ruby/gems/2.1.0/specifications/rtesseract-1.2.1.gemspec
I, [2014-06-27T08:16:05.747780 #19909]  INFO -- : 0:  bundler (1.5.1) from /opt/boxen/rbenv/versions/2.1.0/lib/ruby/gems/2.1.0/specifications/bundler-1.5.1.gemspec
I, [2014-06-27T08:19:40.741263 #20714]  INFO -- : 0:  coderay (1.1.0) from /opt/boxen/rbenv/versions/2.1.0/lib/ruby/gems/2.1.0/specifications/coderay-1.1.0.gemspec
I, [2014-06-27T08:19:40.741646 #20714]  INFO -- : 0:  interception (0.5) from /opt/boxen/rbenv/versions/2.1.0/lib/ruby/gems/2.1.0/specifications/interception-0.5.gemspec
I, [2014-06-27T08:19:40.741941 #20714]  INFO -- : 0:  method_source (0.8.2) from /opt/boxen/rbenv/versions/2.1.0/lib/ruby/gems/2.1.0/specifications/method_source-0.8.2.gemspec
I, [2014-06-27T08:19:40.742243 #20714]  INFO -- : 0:  slop (3.5.0) from /opt/boxen/rbenv/versions/2.1.0/lib/ruby/gems/2.1.0/specifications/slop-3.5.0.gemspec
I, [2014-06-27T08:19:40.742540 #20714]  INFO -- : 0:  pry (0.9.12.6) from /opt/boxen/rbenv/versions/2.1.0/lib/ruby/gems/2.1.0/specifications/pry-0.9.12.6.gemspec
I, [2014-06-27T08:19:40.742801 #20714]  INFO -- : 0:  pry-rescue (1.4.1) from /opt/boxen/rbenv/versions/2.1.0/lib/ruby/gems/2.1.0/specifications/pry-rescue-1.4.1.gemspec
I, [2014-06-27T08:19:40.743064 #20714]  INFO -- : 0:  rmagick (2.13.2) from /opt/boxen/rbenv/versions/2.1.0/lib/ruby/gems/2.1.0/specifications/rmagick-2.13.2.gemspec
I, [2014-06-27T08:19:40.743328 #20714]  INFO -- : 0:  rtesseract (1.2.1) from /opt/boxen/rbenv/versions/2.1.0/lib/ruby/gems/2.1.0/specifications/rtesseract-1.2.1.gemspec
I, [2014-06-27T08:19:40.743574 #20714]  INFO -- : 0:  bundler (1.5.1) from /opt/boxen/rbenv/versions/2.1.0/lib/ruby/gems/2.1.0/specifications/bundler-1.5.1.gemspec
I, [2014-06-27T08:41:35.186478 #58448]  INFO -- : 0:  coderay (1.1.0) from /opt/boxen/rbenv/versions/2.1.0/lib/ruby/gems/2.1.0/specifications/coderay-1.1.0.gemspec
I, [2014-06-27T08:41:35.187189 #58448]  INFO -- : 0:  interception (0.5) from /opt/boxen/rbenv/versions/2.1.0/lib/ruby/gems/2.1.0/specifications/interception-0.5.gemspec
I, [2014-06-27T08:41:35.187495 #58448]  INFO -- : 0:  method_source (0.8.2) from /opt/boxen/rbenv/versions/2.1.0/lib/ruby/gems/2.1.0/specifications/method_source-0.8.2.gemspec
I, [2014-06-27T08:41:35.187781 #58448]  INFO -- : 0:  slop (3.5.0) from /opt/boxen/rbenv/versions/2.1.0/lib/ruby/gems/2.1.0/specifications/slop-3.5.0.gemspec
I, [2014-06-27T08:41:35.188066 #58448]  INFO -- : 0:  pry (0.9.12.6) from /opt/boxen/rbenv/versions/2.1.0/lib/ruby/gems/2.1.0/specifications/pry-0.9.12.6.gemspec
I, [2014-06-27T08:41:35.188346 #58448]  INFO -- : 0:  pry-rescue (1.4.1) from /opt/boxen/rbenv/versions/2.1.0/lib/ruby/gems/2.1.0/specifications/pry-rescue-1.4.1.gemspec
I, [2014-06-27T08:41:35.188631 #58448]  INFO -- : 0:  rmagick (2.13.2) from /opt/boxen/rbenv/versions/2.1.0/lib/ruby/gems/2.1.0/specifications/rmagick-2.13.2.gemspec
I, [2014-06-27T08:41:35.188902 #58448]  INFO -- : 0:  rtesseract (1.2.1) from /opt/boxen/rbenv/versions/2.1.0/lib/ruby/gems/2.1.0/specifications/rtesseract-1.2.1.gemspec
I, [2014-06-27T08:41:35.189144 #58448]  INFO -- : 0:  bundler (1.5.1) from /opt/boxen/rbenv/versions/2.1.0/lib/ruby/gems/2.1.0/specifications/bundler-1.5.1.gemspec
